2025-07-06 23:47:00,328 - googleapiclient.http - WARNING - Encountered 403 Forbidden with reason "PERMISSION_DENIED"
2025-07-06 23:47:05,541 - googleapiclient.http - WARNING - Encountered 403 Forbidden with reason "PERMISSION_DENIED"
2025-07-06 23:54:59,429 - src.change_detection - INFO - Detecting vegetation changes...
2025-07-06 23:54:59,432 - src.change_detection - INFO - Detecting urban expansion...
2025-07-06 23:54:59,434 - src.change_detection - INFO - Detecting water body changes...
2025-07-06 23:55:02,638 - src.change_analysis - ERROR - Error analyzing deforestation: Image.normalizedDifference: No band named 'B8'. Available band names: [red, green, blue, nir, swir1, swir2].
2025-07-06 23:55:02,638 - src.change_analysis - ERROR - Error generating comprehensive report: Image.normalizedDifference: No band named 'B8'. Available band names: [red, green, blue, nir, swir1, swir2].
2025-07-06 23:55:02,638 - __main__ - ERROR - Error in change detection pipeline: Image.normalizedDifference: No band named 'B8'. Available band names: [red, green, blue, nir, swir1, swir2].
2025-07-06 23:59:02,459 - src.change_detection - INFO - Detecting vegetation changes...
2025-07-06 23:59:02,463 - src.change_detection - INFO - Detecting urban expansion...
2025-07-06 23:59:02,464 - src.change_detection - INFO - Detecting water body changes...
2025-07-06 23:59:05,701 - src.change_analysis - ERROR - Error analyzing deforestation: Image.normalizedDifference: No band named 'B8'. Available band names: [red, green, blue, nir, swir1, swir2].
2025-07-06 23:59:05,702 - src.change_analysis - ERROR - Error generating comprehensive report: Image.normalizedDifference: No band named 'B8'. Available band names: [red, green, blue, nir, swir1, swir2].
2025-07-06 23:59:05,702 - __main__ - ERROR - Error in change detection pipeline: Image.normalizedDifference: No band named 'B8'. Available band names: [red, green, blue, nir, swir1, swir2].
2025-07-07 00:05:28,423 - src.change_detection - INFO - Detecting vegetation changes...
2025-07-07 00:05:28,425 - src.change_detection - INFO - Detecting urban expansion...
2025-07-07 00:05:28,428 - src.change_detection - INFO - Detecting water body changes...
2025-07-07 00:13:19,742 - src.change_detection - INFO - Detecting vegetation changes...
2025-07-07 00:13:19,745 - src.change_detection - INFO - Detecting urban expansion...
2025-07-07 00:13:19,746 - src.change_detection - INFO - Detecting water body changes...
2025-07-07 00:19:20,335 - src.change_detection - INFO - Detecting vegetation changes...
2025-07-07 00:19:20,338 - src.change_detection - INFO - Detecting urban expansion...
2025-07-07 00:19:20,340 - src.change_detection - INFO - Detecting water body changes...
2025-07-07 00:22:00,121 - src.change_detection - INFO - Detecting vegetation changes...
2025-07-07 00:22:00,126 - src.change_detection - INFO - Detecting urban expansion...
2025-07-07 00:22:00,127 - src.change_detection - INFO - Detecting water body changes...
2025-07-07 00:41:58,276 - src.change_detection - INFO - Detecting vegetation changes...
2025-07-07 00:41:58,278 - src.change_detection - INFO - Detecting urban expansion...
2025-07-07 00:41:58,280 - src.change_detection - INFO - Detecting water body changes...
2025-07-07 01:02:50,006 - src.change_detection - INFO - Detecting vegetation changes...
2025-07-07 01:02:50,008 - src.change_detection - INFO - Detecting urban expansion...
2025-07-07 01:02:50,010 - src.change_detection - INFO - Detecting water body changes...
2025-07-07 01:21:54,943 - src.change_detection - INFO - Detecting vegetation changes...
2025-07-07 01:21:54,945 - src.change_detection - INFO - Detecting urban expansion...
2025-07-07 01:21:54,947 - src.change_detection - INFO - Detecting water body changes...
2025-07-07 01:34:15,092 - src.change_detection - INFO - Detecting vegetation changes...
2025-07-07 01:34:15,094 - src.change_detection - INFO - Detecting urban expansion...
2025-07-07 01:34:15,095 - src.change_detection - INFO - Detecting water body changes...
2025-07-07 01:34:19,732 - src.change_analysis - ERROR - Error analyzing deforestation: Image.select: Band pattern 'B4' did not match any bands. Available bands: [red, green, blue, nir, swir1, swir2]
2025-07-07 01:34:19,732 - src.change_analysis - ERROR - Error generating comprehensive report: Image.select: Band pattern 'B4' did not match any bands. Available bands: [red, green, blue, nir, swir1, swir2]
2025-07-07 01:34:19,732 - __main__ - ERROR - Error in change detection pipeline: Image.select: Band pattern 'B4' did not match any bands. Available bands: [red, green, blue, nir, swir1, swir2]
2025-07-07 01:36:37,307 - src.change_detection - INFO - Detecting vegetation changes...
2025-07-07 01:36:37,309 - src.change_detection - INFO - Detecting urban expansion...
2025-07-07 01:36:37,311 - src.change_detection - INFO - Detecting water body changes...
2025-07-07 01:36:41,740 - src.change_analysis - ERROR - Error analyzing deforestation: Image.normalizedDifference: No band named 'nir'. Available band names: [red, green, blue].
2025-07-07 01:36:41,740 - src.change_analysis - ERROR - Error generating comprehensive report: Image.normalizedDifference: No band named 'nir'. Available band names: [red, green, blue].
2025-07-07 01:36:41,740 - __main__ - ERROR - Error in change detection pipeline: Image.normalizedDifference: No band named 'nir'. Available band names: [red, green, blue].
2025-07-07 01:47:42,680 - src.change_detection - INFO - Detecting vegetation changes...
2025-07-07 01:47:45,769 - src.change_detection - INFO - Detecting urban expansion...
2025-07-07 01:47:47,853 - src.change_detection - INFO - Detecting water body changes...
2025-07-07 02:02:27,161 - src.change_detection - INFO - Detecting vegetation changes...
2025-07-07 02:02:30,250 - src.change_detection - INFO - Detecting urban expansion...
2025-07-07 02:02:33,302 - src.change_detection - INFO - Detecting water body changes...
2025-07-07 02:05:20,663 - src.change_detection - INFO - Detecting vegetation changes...
2025-07-07 02:05:21,841 - src.change_detection - INFO - Detecting urban expansion...
2025-07-07 02:05:24,081 - src.change_detection - INFO - Detecting water body changes...
2025-07-07 03:07:26,664 - googleapiclient.http - WARNING - Encountered 403 Forbidden with reason "PERMISSION_DENIED"
2025-07-07 03:09:32,949 - src.change_detection - INFO - Detecting vegetation changes...
2025-07-07 03:14:26,194 - src.change_detection - INFO - Detecting vegetation changes...
2025-07-07 03:14:36,284 - src.change_analysis - ERROR - Error analyzing deforestation: 'dict' object has no attribute 'getInfo'
2025-07-07 03:14:36,284 - src.change_analysis - ERROR - Error generating comprehensive report: 'dict' object has no attribute 'getInfo'
2025-07-07 03:14:36,285 - main - ERROR - Error in change detection pipeline: 'dict' object has no attribute 'getInfo'
